/home/travis/build/cheako/gnunetircd/src/test_container_cdll.c:23: warning: the name `util/test_container_cdll.c' supplied as the second argument in the \file statement is not an input file
Searching for include files...
Searching for example files...
Searching for images...
Searching for dot files...
Searching for msc files...
Searching for dia files...
Searching for files to exclude
Searching for files to process...
Searching for files in directory /home/travis/build/cheako/gnunetircd/src
Reading and parsing tag files
Parsing files
Preprocessing /home/travis/build/cheako/gnunetircd/src/command_relay.c...
Parsing file /home/travis/build/cheako/gnunetircd/src/command_relay.c...
Preprocessing /home/travis/build/cheako/gnunetircd/src/command_relay.h...
Parsing file /home/travis/build/cheako/gnunetircd/src/command_relay.h...
Preprocessing /home/travis/build/cheako/gnunetircd/src/dht.c...
Parsing file /home/travis/build/cheako/gnunetircd/src/dht.c...
Preprocessing /home/travis/build/cheako/gnunetircd/src/dht.h...
Parsing file /home/travis/build/cheako/gnunetircd/src/dht.h...
Preprocessing /home/travis/build/cheako/gnunetircd/src/gnunet_container_lib.h...
Parsing file /home/travis/build/cheako/gnunetircd/src/gnunet_container_lib.h...
Preprocessing /home/travis/build/cheako/gnunetircd/src/gnunet_util_lib.h...
Parsing file /home/travis/build/cheako/gnunetircd/src/gnunet_util_lib.h...
Preprocessing /home/travis/build/cheako/gnunetircd/src/gnunetircd.c...
Parsing file /home/travis/build/cheako/gnunetircd/src/gnunetircd.c...
Preprocessing /home/travis/build/cheako/gnunetircd/src/mesh.c...
Parsing file /home/travis/build/cheako/gnunetircd/src/mesh.c...
Preprocessing /home/travis/build/cheako/gnunetircd/src/mesh.h...
Parsing file /home/travis/build/cheako/gnunetircd/src/mesh.h...
Preprocessing /home/travis/build/cheako/gnunetircd/src/misc_commands.c...
Parsing file /home/travis/build/cheako/gnunetircd/src/misc_commands.c...
Preprocessing /home/travis/build/cheako/gnunetircd/src/misc_commands.h...
Parsing file /home/travis/build/cheako/gnunetircd/src/misc_commands.h...
Preprocessing /home/travis/build/cheako/gnunetircd/src/platform.h...
Parsing file /home/travis/build/cheako/gnunetircd/src/platform.h...
Preprocessing /home/travis/build/cheako/gnunetircd/src/registration_commands.c...
Parsing file /home/travis/build/cheako/gnunetircd/src/registration_commands.c...
Preprocessing /home/travis/build/cheako/gnunetircd/src/registration_commands.h...
Parsing file /home/travis/build/cheako/gnunetircd/src/registration_commands.h...
Preprocessing /home/travis/build/cheako/gnunetircd/src/routing.c...
Parsing file /home/travis/build/cheako/gnunetircd/src/routing.c...
Preprocessing /home/travis/build/cheako/gnunetircd/src/routing.h...
Parsing file /home/travis/build/cheako/gnunetircd/src/routing.h...
Preprocessing /home/travis/build/cheako/gnunetircd/src/server.c...
Parsing file /home/travis/build/cheako/gnunetircd/src/server.c...
Preprocessing /home/travis/build/cheako/gnunetircd/src/server.h...
Parsing file /home/travis/build/cheako/gnunetircd/src/server.h...
Preprocessing /home/travis/build/cheako/gnunetircd/src/test_container_cdll.c...
Parsing file /home/travis/build/cheako/gnunetircd/src/test_container_cdll.c...
Building group list...
Building directory list...
Building namespace list...
Building file list...
Building class list...
Associating documentation with classes...
Computing nesting relations for classes...
Building example list...
Searching for enumerations...
Searching for documented typedefs...
Searching for members imported via using declarations...
Searching for included using directives...
Searching for documented variables...
Building interface member list...
Building member list...
Searching for friends...
Searching for documented defines...
Computing class inheritance relations...
Computing class usage relations...
Flushing cached template relations that have become invalid...
Creating members for template instances...
Computing class relations...
Add enum values to enums...
Searching for member function documentation...
Building page list...
Search for main page...
Computing page relations...
Determining the scope of groups...
Sorting lists...
Freeing entry tree
Determining which enums are documented
Computing member relations...
Building full member lists recursively...
Adding members to member groups.
Computing member references...
Inheriting documentation...
Generating disk names...
Adding source references...
Adding xrefitems...
Sorting member lists...
Computing dependencies between directories...
Generating citations page...
Counting data structures...
Resolving user defined references...
Finding anchors and sections in the documentation...
Transferring function references...
Combining using relations...
Adding members to index pages...
Generating style sheet...
Generating search indices...
Generating example documentation...
Generating file sources...
Generating code for file src/command_relay.h...
Generating code for file src/dht.h...
Generating code for file src/gnunet_container_lib.h...
Generating code for file src/gnunet_util_lib.h...
Generating code for file src/mesh.h...
Generating code for file src/misc_commands.h...
Generating code for file src/platform.h...
Generating code for file src/registration_commands.h...
Generating code for file src/routing.h...
Generating code for file src/server.h...
Generating file documentation...
Generating docs for file src/command_relay.c...
Generating docs for file src/command_relay.h...
Generating docs for file src/dht.c...
Generating docs for file src/dht.h...
Generating docs for file src/gnunet_container_lib.h...
Generating docs for file src/gnunet_util_lib.h...
Generating docs for file src/gnunetircd.c...
Generating docs for file src/mesh.c...
Generating docs for file src/mesh.h...
Generating docs for file src/misc_commands.c...
Generating docs for file src/misc_commands.h...
Generating docs for file src/platform.h...
Generating docs for file src/registration_commands.c...
Generating docs for file src/registration_commands.h...
Generating docs for file src/routing.c...
Generating docs for file src/routing.h...
Generating docs for file src/server.c...
Generating docs for file src/server.h...
Generating docs for file src/test_container_cdll.c...
Generating page documentation...
Generating docs for page deprecated...
Generating group documentation...
Generating class documentation...
Generating docs for compound BaseRoutingNode...
Generating docs for nested compound BaseRoutingNode::WriteQueueItem...
Generating docs for compound client_function...
Generating docs for compound ConnectionNode...
Generating docs for nested compound ConnectionNode::BaseConnectionNodeHandler...
Generating docs for compound Element...
Generating docs for compound IrcdDhtHeader...
Generating docs for nested compound IrcdDhtHeader::IrcdDhtOpcode...
Generating docs for compound MeshClient...
Generating docs for compound ProccessInputHandler...
Generating namespace index...
Generating graph info page...
Generating directory documentation...
Generating index page...
Generating page index...
Generating module index...
Generating namespace index...
Generating namespace member index...
Generating annotated compound index...
Generating alphabetical compound index...
Generating hierarchical class index...
Generating member index...
Generating file index...
Generating file member index...
Generating example index...
finalizing index lists...
lookup cache used 144/65536 hits=582 misses=157
finished...
